[0.389s] DEBUG:colcon:Command line arguments: ['/usr/bin/colcon', 'build', '--packages-select', 'scheduler_node']
[0.389s] DEBUG:colcon:Parsed command line arguments: Namespace(log_base=None, log_level=None, verb_name='build', build_base='build', install_base='install', merge_install=False, symlink_install=False, test_result_base=None, continue_on_error=False, executor='parallel', parallel_workers=6, event_handlers=None, ignore_user_meta=False, metas=['./colcon.meta'], base_paths=['.'], packages_ignore=None, packages_ignore_regex=None, paths=None, packages_up_to=None, packages_up_to_regex=None, packages_above=None, packages_above_and_dependencies=None, packages_above_depth=None, packages_select_by_dep=None, packages_skip_by_dep=None, packages_skip_up_to=None, packages_select_build_failed=False, packages_skip_build_finished=False, packages_select_test_failures=False, packages_skip_test_passed=False, packages_select=['scheduler_node'], packages_skip=None, packages_select_regex=None, packages_skip_regex=None, packages_start=None, packages_end=None, cmake_args=None, cmake_target=None, cmake_target_skip_unavailable=False, cmake_clean_cache=False, cmake_clean_first=False, cmake_force_configure=False, ament_cmake_args=None, catkin_cmake_args=None, catkin_skip_building_tests=False, verb_parser=<colcon_defaults.argument_parser.defaults.DefaultArgumentsDecorator object at 0x78a7c7420a70>, verb_extension=<colcon_core.verb.build.BuildVerb object at 0x78a7c7420860>, main=<bound method BuildVerb.main of <colcon_core.verb.build.BuildVerb object at 0x78a7c7420860>>)
[0.483s] Level 1:colcon.colcon_core.package_discovery:discover_packages(colcon_meta) check parameters
[0.483s] Level 1:colcon.colcon_core.package_discovery:discover_packages(recursive) check parameters
[0.483s] Level 1:colcon.colcon_core.package_discovery:discover_packages(ignore) check parameters
[0.483s] Level 1:colcon.colcon_core.package_discovery:discover_packages(path) check parameters
[0.483s] Level 1:colcon.colcon_core.package_discovery:discover_packages(colcon_meta) discover
[0.483s] Level 1:colcon.colcon_core.package_discovery:discover_packages(recursive) discover
[0.483s] INFO:colcon.colcon_core.package_discovery:Crawling recursively for packages in '/home/saleh/Desktop/OSProject/scheduler_node'
[0.483s] Level 1:colcon.colcon_core.package_identification:_identify(.) by extensions ['ignore', 'ignore_ament_install']
[0.483s] Level 1:colcon.colcon_core.package_identification:_identify(.) by extension 'ignore'
[0.483s] Level 1:colcon.colcon_core.package_identification:_identify(.) by extension 'ignore_ament_install'
[0.484s] Level 1:colcon.colcon_core.package_identification:_identify(.) by extensions ['colcon_pkg']
[0.484s] Level 1:colcon.colcon_core.package_identification:_identify(.) by extension 'colcon_pkg'
[0.484s] Level 1:colcon.colcon_core.package_identification:_identify(.) by extensions ['colcon_meta']
[0.484s] Level 1:colcon.colcon_core.package_identification:_identify(.) by extension 'colcon_meta'
[0.484s] Level 1:colcon.colcon_core.package_identification:_identify(.) by extensions ['ros']
[0.484s] Level 1:colcon.colcon_core.package_identification:_identify(.) by extension 'ros'
[0.518s] DEBUG:colcon.colcon_core.package_identification:Package '.' with type 'ros.ament_cmake' and name 'scheduler_node'
[0.518s] Level 1:colcon.colcon_core.package_discovery:discover_packages(recursive) using defaults
[0.518s] Level 1:colcon.colcon_core.package_discovery:discover_packages(ignore) discover
[0.518s] Level 1:colcon.colcon_core.package_discovery:discover_packages(ignore) using defaults
[0.518s] Level 1:colcon.colcon_core.package_discovery:discover_packages(path) discover
[0.518s] Level 1:colcon.colcon_core.package_discovery:discover_packages(path) using defaults
[0.547s] Level 5:colcon.colcon_core.verb:set package 'scheduler_node' build argument 'cmake_args' from command line to 'None'
[0.547s] Level 5:colcon.colcon_core.verb:set package 'scheduler_node' build argument 'cmake_target' from command line to 'None'
[0.548s] Level 5:colcon.colcon_core.verb:set package 'scheduler_node' build argument 'cmake_target_skip_unavailable' from command line to 'False'
[0.548s] Level 5:colcon.colcon_core.verb:set package 'scheduler_node' build argument 'cmake_clean_cache' from command line to 'False'
[0.548s] Level 5:colcon.colcon_core.verb:set package 'scheduler_node' build argument 'cmake_clean_first' from command line to 'False'
[0.548s] Level 5:colcon.colcon_core.verb:set package 'scheduler_node' build argument 'cmake_force_configure' from command line to 'False'
[0.548s] Level 5:colcon.colcon_core.verb:set package 'scheduler_node' build argument 'ament_cmake_args' from command line to 'None'
[0.548s] Level 5:colcon.colcon_core.verb:set package 'scheduler_node' build argument 'catkin_cmake_args' from command line to 'None'
[0.548s] Level 5:colcon.colcon_core.verb:set package 'scheduler_node' build argument 'catkin_skip_building_tests' from command line to 'False'
[0.548s] DEBUG:colcon.colcon_core.verb:Building package 'scheduler_node' with the following arguments: {'ament_cmake_args': None, 'build_base': '/home/saleh/Desktop/OSProject/scheduler_node/build/scheduler_node', 'catkin_cmake_args': None, 'catkin_skip_building_tests': False, 'cmake_args': None, 'cmake_clean_cache': False, 'cmake_clean_first': False, 'cmake_force_configure': False, 'cmake_target': None, 'cmake_target_skip_unavailable': False, 'install_base': '/home/saleh/Desktop/OSProject/scheduler_node/install/scheduler_node', 'merge_install': False, 'path': '/home/saleh/Desktop/OSProject/scheduler_node', 'symlink_install': False, 'test_result_base': None}
[0.548s] INFO:colcon.colcon_core.executor:Executing jobs using 'parallel' executor
[0.550s] DEBUG:colcon.colcon_parallel_executor.executor.parallel:run_until_complete
[0.551s] INFO:colcon.colcon_ros.task.ament_cmake.build:Building ROS package in '/home/saleh/Desktop/OSProject/scheduler_node' with build type 'ament_cmake'
[0.551s] INFO:colcon.colcon_cmake.task.cmake.build:Building CMake package in '/home/saleh/Desktop/OSProject/scheduler_node'
[0.563s] INFO:colcon.colcon_core.plugin_system:Skipping extension 'colcon_core.shell.bat': Not used on non-Windows systems
[0.563s] DEBUG:colcon.colcon_core.shell:Skip shell extension 'dsv' for command environment
[0.577s] DEBUG:colcon.colcon_core.event_handler.log_command:Invoking command in '/home/saleh/Desktop/OSProject/scheduler_node/build/scheduler_node': CMAKE_PREFIX_PATH=${CMAKE_PREFIX_PATH}:/opt/ros/jazzy DEBUGINFOD_URLS=https://debuginfod.ubuntu.com /usr/bin/cmake --build /home/saleh/Desktop/OSProject/scheduler_node/build/scheduler_node -- -j6 -l6
[11.345s] DEBUG:colcon.colcon_core.event_handler.log_command:Invoked command in '/home/saleh/Desktop/OSProject/scheduler_node/build/scheduler_node' returned '0': CMAKE_PREFIX_PATH=${CMAKE_PREFIX_PATH}:/opt/ros/jazzy DEBUGINFOD_URLS=https://debuginfod.ubuntu.com /usr/bin/cmake --build /home/saleh/Desktop/OSProject/scheduler_node/build/scheduler_node -- -j6 -l6
[11.356s] DEBUG:colcon.colcon_core.event_handler.log_command:Invoking command in '/home/saleh/Desktop/OSProject/scheduler_node/build/scheduler_node': CMAKE_PREFIX_PATH=${CMAKE_PREFIX_PATH}:/opt/ros/jazzy DEBUGINFOD_URLS=https://debuginfod.ubuntu.com /usr/bin/cmake --install /home/saleh/Desktop/OSProject/scheduler_node/build/scheduler_node
[11.374s] Level 1:colcon.colcon_core.environment:create_environment_scripts_only(scheduler_node)
[11.374s] DEBUG:colcon.colcon_core.event_handler.log_command:Invoked command in '/home/saleh/Desktop/OSProject/scheduler_node/build/scheduler_node' returned '0': CMAKE_PREFIX_PATH=${CMAKE_PREFIX_PATH}:/opt/ros/jazzy DEBUGINFOD_URLS=https://debuginfod.ubuntu.com /usr/bin/cmake --install /home/saleh/Desktop/OSProject/scheduler_node/build/scheduler_node
[11.386s] Level 1:colcon.colcon_core.environment:checking '/home/saleh/Desktop/OSProject/scheduler_node/install/scheduler_node' for CMake module files
[11.387s] Level 1:colcon.colcon_core.environment:checking '/home/saleh/Desktop/OSProject/scheduler_node/install/scheduler_node' for CMake config files
[11.387s] Level 1:colcon.colcon_core.shell:create_environment_hook('scheduler_node', 'cmake_prefix_path')
[11.387s] INFO:colcon.colcon_core.shell:Creating environment descriptor '/home/saleh/Desktop/OSProject/scheduler_node/install/scheduler_node/share/scheduler_node/hook/cmake_prefix_path.dsv'
[11.388s] INFO:colcon.colcon_core.shell:Creating environment hook '/home/saleh/Desktop/OSProject/scheduler_node/install/scheduler_node/share/scheduler_node/hook/cmake_prefix_path.sh'
[11.390s] Level 1:colcon.colcon_core.environment:checking '/home/saleh/Desktop/OSProject/scheduler_node/install/scheduler_node/lib'
[11.390s] Level 1:colcon.colcon_core.environment:checking '/home/saleh/Desktop/OSProject/scheduler_node/install/scheduler_node/bin'
[11.390s] Level 1:colcon.colcon_core.environment:checking '/home/saleh/Desktop/OSProject/scheduler_node/install/scheduler_node/lib/pkgconfig/scheduler_node.pc'
[11.392s] Level 1:colcon.colcon_core.environment:checking '/home/saleh/Desktop/OSProject/scheduler_node/install/scheduler_node/lib/python3.12/site-packages'
[11.392s] Level 1:colcon.colcon_core.environment:checking '/home/saleh/Desktop/OSProject/scheduler_node/install/scheduler_node/bin'
[11.392s] INFO:colcon.colcon_core.shell:Creating package descriptor '/home/saleh/Desktop/OSProject/scheduler_node/install/scheduler_node/share/scheduler_node/package.dsv'
[11.394s] INFO:colcon.colcon_core.shell:Creating package script '/home/saleh/Desktop/OSProject/scheduler_node/install/scheduler_node/share/scheduler_node/package.sh'
[11.396s] INFO:colcon.colcon_core.shell:Creating package script '/home/saleh/Desktop/OSProject/scheduler_node/install/scheduler_node/share/scheduler_node/package.bash'
[11.397s] INFO:colcon.colcon_core.shell:Creating package script '/home/saleh/Desktop/OSProject/scheduler_node/install/scheduler_node/share/scheduler_node/package.zsh'
[11.399s] Level 1:colcon.colcon_core.environment:create_file_with_runtime_dependencies(/home/saleh/Desktop/OSProject/scheduler_node/install/scheduler_node/share/colcon-core/packages/scheduler_node)
[11.399s] Level 1:colcon.colcon_core.environment:create_environment_scripts_only(scheduler_node)
[11.399s] Level 1:colcon.colcon_core.environment:checking '/home/saleh/Desktop/OSProject/scheduler_node/install/scheduler_node' for CMake module files
[11.400s] Level 1:colcon.colcon_core.environment:checking '/home/saleh/Desktop/OSProject/scheduler_node/install/scheduler_node' for CMake config files
[11.400s] Level 1:colcon.colcon_core.shell:create_environment_hook('scheduler_node', 'cmake_prefix_path')
[11.400s] INFO:colcon.colcon_core.shell:Creating environment descriptor '/home/saleh/Desktop/OSProject/scheduler_node/install/scheduler_node/share/scheduler_node/hook/cmake_prefix_path.dsv'
[11.401s] INFO:colcon.colcon_core.shell:Creating environment hook '/home/saleh/Desktop/OSProject/scheduler_node/install/scheduler_node/share/scheduler_node/hook/cmake_prefix_path.sh'
[11.401s] Level 1:colcon.colcon_core.environment:checking '/home/saleh/Desktop/OSProject/scheduler_node/install/scheduler_node/lib'
[11.401s] Level 1:colcon.colcon_core.environment:checking '/home/saleh/Desktop/OSProject/scheduler_node/install/scheduler_node/bin'
[11.402s] Level 1:colcon.colcon_core.environment:checking '/home/saleh/Desktop/OSProject/scheduler_node/install/scheduler_node/lib/pkgconfig/scheduler_node.pc'
[11.402s] Level 1:colcon.colcon_core.environment:checking '/home/saleh/Desktop/OSProject/scheduler_node/install/scheduler_node/lib/python3.12/site-packages'
[11.402s] Level 1:colcon.colcon_core.environment:checking '/home/saleh/Desktop/OSProject/scheduler_node/install/scheduler_node/bin'
[11.402s] INFO:colcon.colcon_core.shell:Creating package descriptor '/home/saleh/Desktop/OSProject/scheduler_node/install/scheduler_node/share/scheduler_node/package.dsv'
[11.403s] INFO:colcon.colcon_core.shell:Creating package script '/home/saleh/Desktop/OSProject/scheduler_node/install/scheduler_node/share/scheduler_node/package.sh'
[11.403s] INFO:colcon.colcon_core.shell:Creating package script '/home/saleh/Desktop/OSProject/scheduler_node/install/scheduler_node/share/scheduler_node/package.bash'
[11.404s] INFO:colcon.colcon_core.shell:Creating package script '/home/saleh/Desktop/OSProject/scheduler_node/install/scheduler_node/share/scheduler_node/package.zsh'
[11.404s] Level 1:colcon.colcon_core.environment:create_file_with_runtime_dependencies(/home/saleh/Desktop/OSProject/scheduler_node/install/scheduler_node/share/colcon-core/packages/scheduler_node)
[11.405s] DEBUG:colcon.colcon_parallel_executor.executor.parallel:closing loop
[11.406s] DEBUG:colcon.colcon_parallel_executor.executor.parallel:loop closed
[11.406s] DEBUG:colcon.colcon_parallel_executor.executor.parallel:run_until_complete finished with '0'
[11.406s] DEBUG:colcon.colcon_core.event_reactor:joining thread
[11.422s] INFO:colcon.colcon_core.plugin_system:Skipping extension 'colcon_notification.desktop_notification.terminal_notifier': Not used on non-Darwin systems
[11.422s] INFO:colcon.colcon_core.plugin_system:Skipping extension 'colcon_notification.desktop_notification.win32': Not used on non-Windows systems
[11.422s] INFO:colcon.colcon_notification.desktop_notification:Sending desktop notification using 'notify2'
[11.498s] DEBUG:colcon.colcon_core.event_reactor:joined thread
[11.498s] INFO:colcon.colcon_core.shell:Creating prefix script '/home/saleh/Desktop/OSProject/scheduler_node/install/local_setup.sh'
[11.500s] INFO:colcon.colcon_core.shell:Creating prefix util module '/home/saleh/Desktop/OSProject/scheduler_node/install/_local_setup_util_sh.py'
[11.502s] INFO:colcon.colcon_core.shell:Creating prefix chain script '/home/saleh/Desktop/OSProject/scheduler_node/install/setup.sh'
[11.504s] INFO:colcon.colcon_core.shell:Creating prefix script '/home/saleh/Desktop/OSProject/scheduler_node/install/local_setup.bash'
[11.505s] INFO:colcon.colcon_core.shell:Creating prefix chain script '/home/saleh/Desktop/OSProject/scheduler_node/install/setup.bash'
[11.507s] INFO:colcon.colcon_core.shell:Creating prefix script '/home/saleh/Desktop/OSProject/scheduler_node/install/local_setup.zsh'
[11.508s] INFO:colcon.colcon_core.shell:Creating prefix chain script '/home/saleh/Desktop/OSProject/scheduler_node/install/setup.zsh'
