[0.259s] DEBUG:colcon:Command line arguments: ['/usr/bin/colcon', 'build', '--packages-select', 'scheduler_node']
[0.259s] DEBUG:colcon:Parsed command line arguments: Namespace(log_base=None, log_level=None, verb_name='build', build_base='build', install_base='install', merge_install=False, symlink_install=False, test_result_base=None, continue_on_error=False, executor='parallel', parallel_workers=8, event_handlers=None, ignore_user_meta=False, metas=['./colcon.meta'], base_paths=['.'], packages_ignore=None, packages_ignore_regex=None, paths=None, packages_up_to=None, packages_up_to_regex=None, packages_above=None, packages_above_and_dependencies=None, packages_above_depth=None, packages_select_by_dep=None, packages_skip_by_dep=None, packages_skip_up_to=None, packages_select_build_failed=False, packages_skip_build_finished=False, packages_select_test_failures=False, packages_skip_test_passed=False, packages_select=['scheduler_node'], packages_skip=None, packages_select_regex=None, packages_skip_regex=None, packages_start=None, packages_end=None, allow_overriding=[], cmake_args=None, cmake_target=None, cmake_target_skip_unavailable=False, cmake_clean_cache=False, cmake_clean_first=False, cmake_force_configure=False, ament_cmake_args=None, catkin_cmake_args=None, catkin_skip_building_tests=False, mixin_files=None, mixin=None, verb_parser=<colcon_mixin.mixin.mixin_argument.MixinArgumentDecorator object at 0x73023279c320>, verb_extension=<colcon_core.verb.build.BuildVerb object at 0x7302328c0050>, main=<bound method BuildVerb.main of <colcon_core.verb.build.BuildVerb object at 0x7302328c0050>>, mixin_verb=('build',))
[0.340s] Level 1:colcon.colcon_core.package_discovery:discover_packages(colcon_meta) check parameters
[0.340s] Level 1:colcon.colcon_core.package_discovery:discover_packages(recursive) check parameters
[0.340s] Level 1:colcon.colcon_core.package_discovery:discover_packages(ignore) check parameters
[0.340s] Level 1:colcon.colcon_core.package_discovery:discover_packages(path) check parameters
[0.340s] Level 1:colcon.colcon_core.package_discovery:discover_packages(colcon_meta) discover
[0.340s] Level 1:colcon.colcon_core.package_discovery:discover_packages(recursive) discover
[0.340s] INFO:colcon.colcon_core.package_discovery:Crawling recursively for packages in '/home/saleh/Desktop/OSProject/scheduler_node'
[0.340s] Level 1:colcon.colcon_core.package_identification:_identify(.) by extensions ['ignore', 'ignore_ament_install']
[0.340s] Level 1:colcon.colcon_core.package_identification:_identify(.) by extension 'ignore'
[0.340s] Level 1:colcon.colcon_core.package_identification:_identify(.) by extension 'ignore_ament_install'
[0.340s] Level 1:colcon.colcon_core.package_identification:_identify(.) by extensions ['colcon_pkg']
[0.340s] Level 1:colcon.colcon_core.package_identification:_identify(.) by extension 'colcon_pkg'
[0.340s] Level 1:colcon.colcon_core.package_identification:_identify(.) by extensions ['colcon_meta']
[0.340s] Level 1:colcon.colcon_core.package_identification:_identify(.) by extension 'colcon_meta'
[0.340s] Level 1:colcon.colcon_core.package_identification:_identify(.) by extensions ['ros']
[0.340s] Level 1:colcon.colcon_core.package_identification:_identify(.) by extension 'ros'
[0.385s] DEBUG:colcon.colcon_core.package_identification:Package '.' with type 'ros.ament_cmake' and name 'scheduler_node'
[0.385s] Level 1:colcon.colcon_core.package_discovery:discover_packages(recursive) using defaults
[0.385s] Level 1:colcon.colcon_core.package_discovery:discover_packages(ignore) discover
[0.385s] Level 1:colcon.colcon_core.package_discovery:discover_packages(ignore) using defaults
[0.385s] Level 1:colcon.colcon_core.package_discovery:discover_packages(path) discover
[0.385s] Level 1:colcon.colcon_core.package_discovery:discover_packages(path) using defaults
[0.418s] Level 1:colcon.colcon_core.package_discovery:discover_packages(prefix_path) check parameters
[0.418s] Level 1:colcon.colcon_core.package_discovery:discover_packages(prefix_path) discover
[0.422s] DEBUG:colcon.colcon_installed_package_information.package_discovery:Found 1 installed packages in /home/saleh/Desktop/OSProject/scheduler_node/install
[0.424s] DEBUG:colcon.colcon_installed_package_information.package_discovery:Found 285 installed packages in /opt/ros/jazzy
[0.425s] Level 1:colcon.colcon_core.package_discovery:discover_packages(prefix_path) using defaults
[0.525s] Level 5:colcon.colcon_core.verb:set package 'scheduler_node' build argument 'cmake_args' from command line to 'None'
[0.525s] Level 5:colcon.colcon_core.verb:set package 'scheduler_node' build argument 'cmake_target' from command line to 'None'
[0.525s] Level 5:colcon.colcon_core.verb:set package 'scheduler_node' build argument 'cmake_target_skip_unavailable' from command line to 'False'
[0.525s] Level 5:colcon.colcon_core.verb:set package 'scheduler_node' build argument 'cmake_clean_cache' from command line to 'False'
[0.525s] Level 5:colcon.colcon_core.verb:set package 'scheduler_node' build argument 'cmake_clean_first' from command line to 'False'
[0.525s] Level 5:colcon.colcon_core.verb:set package 'scheduler_node' build argument 'cmake_force_configure' from command line to 'False'
[0.525s] Level 5:colcon.colcon_core.verb:set package 'scheduler_node' build argument 'ament_cmake_args' from command line to 'None'
[0.525s] Level 5:colcon.colcon_core.verb:set package 'scheduler_node' build argument 'catkin_cmake_args' from command line to 'None'
[0.526s] Level 5:colcon.colcon_core.verb:set package 'scheduler_node' build argument 'catkin_skip_building_tests' from command line to 'False'
[0.526s] DEBUG:colcon.colcon_core.verb:Building package 'scheduler_node' with the following arguments: {'ament_cmake_args': None, 'build_base': '/home/saleh/Desktop/OSProject/scheduler_node/build/scheduler_node', 'catkin_cmake_args': None, 'catkin_skip_building_tests': False, 'cmake_args': None, 'cmake_clean_cache': False, 'cmake_clean_first': False, 'cmake_force_configure': False, 'cmake_target': None, 'cmake_target_skip_unavailable': False, 'install_base': '/home/saleh/Desktop/OSProject/scheduler_node/install/scheduler_node', 'merge_install': False, 'path': '/home/saleh/Desktop/OSProject/scheduler_node', 'symlink_install': False, 'test_result_base': None}
[0.526s] INFO:colcon.colcon_core.executor:Executing jobs using 'parallel' executor
[0.527s] DEBUG:colcon.colcon_parallel_executor.executor.parallel:run_until_complete
[0.527s] INFO:colcon.colcon_ros.task.ament_cmake.build:Building ROS package in '/home/saleh/Desktop/OSProject/scheduler_node' with build type 'ament_cmake'
[0.527s] INFO:colcon.colcon_cmake.task.cmake.build:Building CMake package in '/home/saleh/Desktop/OSProject/scheduler_node'
[0.535s] INFO:colcon.colcon_core.plugin_system:Skipping extension 'colcon_core.shell.bat': Not used on non-Windows systems
[0.535s] INFO:colcon.colcon_core.shell:Skip shell extension 'powershell' for command environment: Not usable outside of PowerShell
[0.535s] DEBUG:colcon.colcon_core.shell:Skip shell extension 'dsv' for command environment
[0.547s] DEBUG:colcon.colcon_core.event_handler.log_command:Invoking command in '/home/saleh/Desktop/OSProject/scheduler_node/build/scheduler_node': CMAKE_PREFIX_PATH=${CMAKE_PREFIX_PATH}:/opt/ros/jazzy DEBUGINFOD_URLS=https://debuginfod.ubuntu.com /usr/bin/cmake --build /home/saleh/Desktop/OSProject/scheduler_node/build/scheduler_node -- -j8 -l8
[25.368s] DEBUG:colcon.colcon_core.event_handler.log_command:Invoked command in '/home/saleh/Desktop/OSProject/scheduler_node/build/scheduler_node' returned '0': CMAKE_PREFIX_PATH=${CMAKE_PREFIX_PATH}:/opt/ros/jazzy DEBUGINFOD_URLS=https://debuginfod.ubuntu.com /usr/bin/cmake --build /home/saleh/Desktop/OSProject/scheduler_node/build/scheduler_node -- -j8 -l8
[25.393s] DEBUG:colcon.colcon_core.event_handler.log_command:Invoking command in '/home/saleh/Desktop/OSProject/scheduler_node/build/scheduler_node': CMAKE_PREFIX_PATH=${CMAKE_PREFIX_PATH}:/opt/ros/jazzy DEBUGINFOD_URLS=https://debuginfod.ubuntu.com /usr/bin/cmake --install /home/saleh/Desktop/OSProject/scheduler_node/build/scheduler_node
[25.488s] Level 1:colcon.colcon_core.environment:create_environment_scripts_only(scheduler_node)
[25.489s] DEBUG:colcon.colcon_core.event_handler.log_command:Invoked command in '/home/saleh/Desktop/OSProject/scheduler_node/build/scheduler_node' returned '0': CMAKE_PREFIX_PATH=${CMAKE_PREFIX_PATH}:/opt/ros/jazzy DEBUGINFOD_URLS=https://debuginfod.ubuntu.com /usr/bin/cmake --install /home/saleh/Desktop/OSProject/scheduler_node/build/scheduler_node
[25.499s] Level 1:colcon.colcon_core.environment:checking '/home/saleh/Desktop/OSProject/scheduler_node/install/scheduler_node' for CMake module files
[25.501s] Level 1:colcon.colcon_core.environment:checking '/home/saleh/Desktop/OSProject/scheduler_node/install/scheduler_node' for CMake config files
[25.503s] Level 1:colcon.colcon_core.shell:create_environment_hook('scheduler_node', 'cmake_prefix_path')
[25.504s] INFO:colcon.colcon_core.shell:Creating environment hook '/home/saleh/Desktop/OSProject/scheduler_node/install/scheduler_node/share/scheduler_node/hook/cmake_prefix_path.ps1'
[25.506s] INFO:colcon.colcon_core.shell:Creating environment descriptor '/home/saleh/Desktop/OSProject/scheduler_node/install/scheduler_node/share/scheduler_node/hook/cmake_prefix_path.dsv'
[25.507s] INFO:colcon.colcon_core.shell:Creating environment hook '/home/saleh/Desktop/OSProject/scheduler_node/install/scheduler_node/share/scheduler_node/hook/cmake_prefix_path.sh'
[25.509s] Level 1:colcon.colcon_core.environment:checking '/home/saleh/Desktop/OSProject/scheduler_node/install/scheduler_node/lib'
[25.509s] Level 1:colcon.colcon_core.environment:checking '/home/saleh/Desktop/OSProject/scheduler_node/install/scheduler_node/bin'
[25.509s] Level 1:colcon.colcon_core.environment:checking '/home/saleh/Desktop/OSProject/scheduler_node/install/scheduler_node/lib/pkgconfig/scheduler_node.pc'
[25.509s] Level 1:colcon.colcon_core.environment:checking '/home/saleh/Desktop/OSProject/scheduler_node/install/scheduler_node/lib/python3.12/site-packages'
[25.510s] Level 1:colcon.colcon_core.environment:checking '/home/saleh/Desktop/OSProject/scheduler_node/install/scheduler_node/bin'
[25.510s] INFO:colcon.colcon_core.shell:Creating package script '/home/saleh/Desktop/OSProject/scheduler_node/install/scheduler_node/share/scheduler_node/package.ps1'
[25.511s] INFO:colcon.colcon_core.shell:Creating package descriptor '/home/saleh/Desktop/OSProject/scheduler_node/install/scheduler_node/share/scheduler_node/package.dsv'
[25.512s] INFO:colcon.colcon_core.shell:Creating package script '/home/saleh/Desktop/OSProject/scheduler_node/install/scheduler_node/share/scheduler_node/package.sh'
[25.513s] INFO:colcon.colcon_core.shell:Creating package script '/home/saleh/Desktop/OSProject/scheduler_node/install/scheduler_node/share/scheduler_node/package.bash'
[25.515s] INFO:colcon.colcon_core.shell:Creating package script '/home/saleh/Desktop/OSProject/scheduler_node/install/scheduler_node/share/scheduler_node/package.zsh'
[25.516s] Level 1:colcon.colcon_core.environment:create_file_with_runtime_dependencies(/home/saleh/Desktop/OSProject/scheduler_node/install/scheduler_node/share/colcon-core/packages/scheduler_node)
[25.517s] Level 1:colcon.colcon_core.environment:create_environment_scripts_only(scheduler_node)
[25.517s] Level 1:colcon.colcon_core.environment:checking '/home/saleh/Desktop/OSProject/scheduler_node/install/scheduler_node' for CMake module files
[25.518s] Level 1:colcon.colcon_core.environment:checking '/home/saleh/Desktop/OSProject/scheduler_node/install/scheduler_node' for CMake config files
[25.518s] Level 1:colcon.colcon_core.shell:create_environment_hook('scheduler_node', 'cmake_prefix_path')
[25.518s] INFO:colcon.colcon_core.shell:Creating environment hook '/home/saleh/Desktop/OSProject/scheduler_node/install/scheduler_node/share/scheduler_node/hook/cmake_prefix_path.ps1'
[25.519s] INFO:colcon.colcon_core.shell:Creating environment descriptor '/home/saleh/Desktop/OSProject/scheduler_node/install/scheduler_node/share/scheduler_node/hook/cmake_prefix_path.dsv'
[25.519s] INFO:colcon.colcon_core.shell:Creating environment hook '/home/saleh/Desktop/OSProject/scheduler_node/install/scheduler_node/share/scheduler_node/hook/cmake_prefix_path.sh'
[25.520s] Level 1:colcon.colcon_core.environment:checking '/home/saleh/Desktop/OSProject/scheduler_node/install/scheduler_node/lib'
[25.520s] Level 1:colcon.colcon_core.environment:checking '/home/saleh/Desktop/OSProject/scheduler_node/install/scheduler_node/bin'
[25.520s] Level 1:colcon.colcon_core.environment:checking '/home/saleh/Desktop/OSProject/scheduler_node/install/scheduler_node/lib/pkgconfig/scheduler_node.pc'
[25.520s] Level 1:colcon.colcon_core.environment:checking '/home/saleh/Desktop/OSProject/scheduler_node/install/scheduler_node/lib/python3.12/site-packages'
[25.521s] Level 1:colcon.colcon_core.environment:checking '/home/saleh/Desktop/OSProject/scheduler_node/install/scheduler_node/bin'
[25.521s] INFO:colcon.colcon_core.shell:Creating package script '/home/saleh/Desktop/OSProject/scheduler_node/install/scheduler_node/share/scheduler_node/package.ps1'
[25.522s] INFO:colcon.colcon_core.shell:Creating package descriptor '/home/saleh/Desktop/OSProject/scheduler_node/install/scheduler_node/share/scheduler_node/package.dsv'
[25.522s] INFO:colcon.colcon_core.shell:Creating package script '/home/saleh/Desktop/OSProject/scheduler_node/install/scheduler_node/share/scheduler_node/package.sh'
[25.523s] INFO:colcon.colcon_core.shell:Creating package script '/home/saleh/Desktop/OSProject/scheduler_node/install/scheduler_node/share/scheduler_node/package.bash'
[25.523s] INFO:colcon.colcon_core.shell:Creating package script '/home/saleh/Desktop/OSProject/scheduler_node/install/scheduler_node/share/scheduler_node/package.zsh'
[25.524s] Level 1:colcon.colcon_core.environment:create_file_with_runtime_dependencies(/home/saleh/Desktop/OSProject/scheduler_node/install/scheduler_node/share/colcon-core/packages/scheduler_node)
[25.524s] DEBUG:colcon.colcon_parallel_executor.executor.parallel:closing loop
[25.525s] DEBUG:colcon.colcon_parallel_executor.executor.parallel:loop closed
[25.525s] DEBUG:colcon.colcon_parallel_executor.executor.parallel:run_until_complete finished with '0'
[25.526s] DEBUG:colcon.colcon_core.event_reactor:joining thread
[25.548s] INFO:colcon.colcon_core.plugin_system:Skipping extension 'colcon_notification.desktop_notification.terminal_notifier': Not used on non-Darwin systems
[25.549s] INFO:colcon.colcon_core.plugin_system:Skipping extension 'colcon_notification.desktop_notification.win32': Not used on non-Windows systems
[25.549s] INFO:colcon.colcon_notification.desktop_notification:Sending desktop notification using 'notify2'
[25.764s] DEBUG:colcon.colcon_core.event_reactor:joined thread
[25.765s] INFO:colcon.colcon_core.shell:Creating prefix script '/home/saleh/Desktop/OSProject/scheduler_node/install/local_setup.ps1'
[25.767s] INFO:colcon.colcon_core.shell:Creating prefix util module '/home/saleh/Desktop/OSProject/scheduler_node/install/_local_setup_util_ps1.py'
[25.770s] INFO:colcon.colcon_core.shell:Creating prefix chain script '/home/saleh/Desktop/OSProject/scheduler_node/install/setup.ps1'
[25.772s] INFO:colcon.colcon_core.shell:Creating prefix script '/home/saleh/Desktop/OSProject/scheduler_node/install/local_setup.sh'
[25.772s] INFO:colcon.colcon_core.shell:Creating prefix util module '/home/saleh/Desktop/OSProject/scheduler_node/install/_local_setup_util_sh.py'
[25.774s] INFO:colcon.colcon_core.shell:Creating prefix chain script '/home/saleh/Desktop/OSProject/scheduler_node/install/setup.sh'
[25.776s] INFO:colcon.colcon_core.shell:Creating prefix script '/home/saleh/Desktop/OSProject/scheduler_node/install/local_setup.bash'
[25.777s] INFO:colcon.colcon_core.shell:Creating prefix chain script '/home/saleh/Desktop/OSProject/scheduler_node/install/setup.bash'
[25.779s] INFO:colcon.colcon_core.shell:Creating prefix script '/home/saleh/Desktop/OSProject/scheduler_node/install/local_setup.zsh'
[25.780s] INFO:colcon.colcon_core.shell:Creating prefix chain script '/home/saleh/Desktop/OSProject/scheduler_node/install/setup.zsh'
