[0.044s] Invoking command in '/home/saleh/Desktop/OSProject/scheduler_node/build/scheduler_node': CMAKE_PREFIX_PATH=${CMAKE_PREFIX_PATH}:/opt/ros/jazzy DEBUGINFOD_URLS=https://debuginfod.ubuntu.com /usr/bin/cmake /home/saleh/Desktop/OSProject/scheduler_node -DCMAKE_INSTALL_PREFIX=/home/saleh/Desktop/OSProject/scheduler_node/install/scheduler_node
[0.509s] -- The C compiler identification is GNU 13.3.0
[0.688s] -- The CXX compiler identification is GNU 13.3.0
[0.730s] -- Detecting C compiler ABI info
[0.889s] -- Detecting C compiler ABI info - done
[0.898s] -- Check for working C compiler: /usr/bin/cc - skipped
[0.898s] -- Detecting C compile features
[0.901s] -- Detecting C compile features - done
[0.919s] -- Detecting CXX compiler ABI info
[1.076s] -- Detecting CXX compiler ABI info - done
[1.098s] -- Check for working CXX compiler: /usr/bin/c++ - skipped
[1.098s] -- Detecting CXX compile features
[1.099s] -- Detecting CXX compile features - done
[1.131s] -- Found ament_cmake: 2.5.4 (/opt/ros/jazzy/share/ament_cmake/cmake)
[1.463s] -- Found Python3: /usr/bin/python3 (found version "3.12.3") found components: Interpreter 
[1.727s] -- Found rclcpp: 28.1.9 (/opt/ros/jazzy/share/rclcpp/cmake)
[1.820s] -- Found rosidl_generator_c: 4.6.5 (/opt/ros/jazzy/share/rosidl_generator_c/cmake)
[1.852s] -- Found rosidl_generator_cpp: 4.6.5 (/opt/ros/jazzy/share/rosidl_generator_cpp/cmake)
[1.949s] -- Using all available rosidl_typesupport_c: rosidl_typesupport_fastrtps_c;rosidl_typesupport_introspection_c
[2.031s] -- Using all available rosidl_typesupport_cpp: rosidl_typesupport_fastrtps_cpp;rosidl_typesupport_introspection_cpp
[2.245s] -- Found rmw_implementation_cmake: 7.3.2 (/opt/ros/jazzy/share/rmw_implementation_cmake/cmake)
[2.260s] -- Found rmw_fastrtps_cpp: 8.4.2 (/opt/ros/jazzy/share/rmw_fastrtps_cpp/cmake)
[2.481s] -- Found OpenSSL: /usr/lib/x86_64-linux-gnu/libcrypto.so (found version "3.0.13")  
[2.507s] -- Found FastRTPS: /opt/ros/jazzy/include (Required is at least version "2.13") 
[2.532s] -- Using RMW implementation 'rmw_fastrtps_cpp' as default
[2.642s] -- Found std_msgs: 5.3.6 (/opt/ros/jazzy/share/std_msgs/cmake)
[2.773s] -- Configuring done (2.5s)
[2.786s] -- Generating done (0.0s)
[2.789s] -- Build files have been written to: /home/saleh/Desktop/OSProject/scheduler_node/build/scheduler_node
[2.800s] Invoked command in '/home/saleh/Desktop/OSProject/scheduler_node/build/scheduler_node' returned '0': CMAKE_PREFIX_PATH=${CMAKE_PREFIX_PATH}:/opt/ros/jazzy DEBUGINFOD_URLS=https://debuginfod.ubuntu.com /usr/bin/cmake /home/saleh/Desktop/OSProject/scheduler_node -DCMAKE_INSTALL_PREFIX=/home/saleh/Desktop/OSProject/scheduler_node/install/scheduler_node
[2.801s] Invoking command in '/home/saleh/Desktop/OSProject/scheduler_node/build/scheduler_node': CMAKE_PREFIX_PATH=${CMAKE_PREFIX_PATH}:/opt/ros/jazzy DEBUGINFOD_URLS=https://debuginfod.ubuntu.com /usr/bin/cmake --build /home/saleh/Desktop/OSProject/scheduler_node/build/scheduler_node -- -j4 -l4
[2.864s] [ 50%] [32mBuilding CXX object CMakeFiles/roundrobintaskscheduler.dir/src/roundrobintaskscheduler.cpp.o[0m
[8.470s] [100%] [32m[1mLinking CXX executable roundrobintaskscheduler[0m
[9.048s] [100%] Built target roundrobintaskscheduler
[9.088s] Invoked command in '/home/saleh/Desktop/OSProject/scheduler_node/build/scheduler_node' returned '0': CMAKE_PREFIX_PATH=${CMAKE_PREFIX_PATH}:/opt/ros/jazzy DEBUGINFOD_URLS=https://debuginfod.ubuntu.com /usr/bin/cmake --build /home/saleh/Desktop/OSProject/scheduler_node/build/scheduler_node -- -j4 -l4
[9.114s] Invoking command in '/home/saleh/Desktop/OSProject/scheduler_node/build/scheduler_node': CMAKE_PREFIX_PATH=${CMAKE_PREFIX_PATH}:/opt/ros/jazzy DEBUGINFOD_URLS=https://debuginfod.ubuntu.com /usr/bin/cmake --install /home/saleh/Desktop/OSProject/scheduler_node/build/scheduler_node
[9.126s] -- Install configuration: ""
[9.129s] -- Installing: /home/saleh/Desktop/OSProject/scheduler_node/install/scheduler_node/lib/scheduler_node/roundrobintaskscheduler
[9.130s] -- Set non-toolchain portion of runtime path of "/home/saleh/Desktop/OSProject/scheduler_node/install/scheduler_node/lib/scheduler_node/roundrobintaskscheduler" to ""
[9.131s] -- Installing: /home/saleh/Desktop/OSProject/scheduler_node/install/scheduler_node/share/ament_index/resource_index/package_run_dependencies/scheduler_node
[9.131s] -- Installing: /home/saleh/Desktop/OSProject/scheduler_node/install/scheduler_node/share/ament_index/resource_index/parent_prefix_path/scheduler_node
[9.135s] -- Installing: /home/saleh/Desktop/OSProject/scheduler_node/install/scheduler_node/share/scheduler_node/environment/ament_prefix_path.sh
[9.136s] -- Installing: /home/saleh/Desktop/OSProject/scheduler_node/install/scheduler_node/share/scheduler_node/environment/ament_prefix_path.dsv
[9.137s] -- Installing: /home/saleh/Desktop/OSProject/scheduler_node/install/scheduler_node/share/scheduler_node/environment/path.sh
[9.138s] -- Installing: /home/saleh/Desktop/OSProject/scheduler_node/install/scheduler_node/share/scheduler_node/environment/path.dsv
[9.139s] -- Installing: /home/saleh/Desktop/OSProject/scheduler_node/install/scheduler_node/share/scheduler_node/local_setup.bash
[9.140s] -- Installing: /home/saleh/Desktop/OSProject/scheduler_node/install/scheduler_node/share/scheduler_node/local_setup.sh
[9.141s] -- Installing: /home/saleh/Desktop/OSProject/scheduler_node/install/scheduler_node/share/scheduler_node/local_setup.zsh
[9.142s] -- Installing: /home/saleh/Desktop/OSProject/scheduler_node/install/scheduler_node/share/scheduler_node/local_setup.dsv
[9.142s] -- Installing: /home/saleh/Desktop/OSProject/scheduler_node/install/scheduler_node/share/scheduler_node/package.dsv
[9.143s] -- Installing: /home/saleh/Desktop/OSProject/scheduler_node/install/scheduler_node/share/ament_index/resource_index/packages/scheduler_node
[9.146s] -- Installing: /home/saleh/Desktop/OSProject/scheduler_node/install/scheduler_node/share/scheduler_node/cmake/scheduler_nodeConfig.cmake
[9.147s] -- Installing: /home/saleh/Desktop/OSProject/scheduler_node/install/scheduler_node/share/scheduler_node/cmake/scheduler_nodeConfig-version.cmake
[9.149s] -- Installing: /home/saleh/Desktop/OSProject/scheduler_node/install/scheduler_node/share/scheduler_node/package.xml
[9.154s] Invoked command in '/home/saleh/Desktop/OSProject/scheduler_node/build/scheduler_node' returned '0': CMAKE_PREFIX_PATH=${CMAKE_PREFIX_PATH}:/opt/ros/jazzy DEBUGINFOD_URLS=https://debuginfod.ubuntu.com /usr/bin/cmake --install /home/saleh/Desktop/OSProject/scheduler_node/build/scheduler_node
