-- Found ament_cmake: 2.5.4 (/opt/ros/jazzy/share/ament_cmake/cmake)
-- Found rclcpp: 28.1.9 (/opt/ros/jazzy/share/rclcpp/cmake)
-- Found rosidl_generator_c: 4.6.5 (/opt/ros/jazzy/share/rosidl_generator_c/cmake)
-- Found rosidl_generator_cpp: 4.6.5 (/opt/ros/jazzy/share/rosidl_generator_cpp/cmake)
-- Using all available rosidl_typesupport_c: rosidl_typesupport_fastrtps_c;rosidl_typesupport_introspection_c
-- Using all available rosidl_typesupport_cpp: rosidl_typesupport_fastrtps_cpp;rosidl_typesupport_introspection_cpp
-- Found rmw_implementation_cmake: 7.3.2 (/opt/ros/jazzy/share/rmw_implementation_cmake/cmake)
-- Found rmw_fastrtps_cpp: 8.4.2 (/opt/ros/jazzy/share/rmw_fastrtps_cpp/cmake)
-- Using RMW implementation 'rmw_fastrtps_cpp' as default
-- Found std_msgs: 5.3.6 (/opt/ros/jazzy/share/std_msgs/cmake)
-- Configuring done (1.0s)
-- Generating done (0.0s)
-- Build files have been written to: /home/saleh/Desktop/OSProject/scheduler_node/build/scheduler_node
[ 16%] [32mBuilding CXX object CMakeFiles/priorityscheduler.dir/src/priorityscheduler.cpp.o[0m
[ 16%] [32mBuilding CXX object CMakeFiles/roundrobintaskscheduler.dir/src/roundrobintaskscheduler.cpp.o[0m
[ 33%] [32mBuilding CXX object CMakeFiles/dummytasknodepriority.dir/src/dummytasknodepriority.cpp.o[0m
[ 41%] [32mBuilding CXX object CMakeFiles/fcfsscheduler.dir/src/fcfsscheduler.cpp.o[0m
[ 33%] [32mBuilding CXX object CMakeFiles/dummytasknodefcfs.dir/src/dummytasknodefcfs.cpp.o[0m
[ 50%] [32mBuilding CXX object CMakeFiles/dummytasknoderr.dir/src/dummytasknoderr.cpp.o[0m
[ 58%] [32m[1mLinking CXX executable dummytasknodefcfs[0m
[ 66%] [32m[1mLinking CXX executable fcfsscheduler[0m
[ 75%] [32m[1mLinking CXX executable dummytasknodepriority[0m
[ 83%] [32m[1mLinking CXX executable dummytasknoderr[0m
[ 91%] [32m[1mLinking CXX executable roundrobintaskscheduler[0m
[100%] [32m[1mLinking CXX executable priorityscheduler[0m
[100%] Built target dummytasknodepriority
[100%] Built target dummytasknoderr
[100%] Built target dummytasknodefcfs
[100%] Built target roundrobintaskscheduler
[100%] Built target fcfsscheduler
[100%] Built target priorityscheduler
-- Install configuration: ""
-- Installing: /home/saleh/Desktop/OSProject/scheduler_node/install/scheduler_node/lib/scheduler_node/roundrobintaskscheduler
-- Set non-toolchain portion of runtime path of "/home/saleh/Desktop/OSProject/scheduler_node/install/scheduler_node/lib/scheduler_node/roundrobintaskscheduler" to ""
-- Installing: /home/saleh/Desktop/OSProject/scheduler_node/install/scheduler_node/lib/scheduler_node/dummytasknoderr
-- Set non-toolchain portion of runtime path of "/home/saleh/Desktop/OSProject/scheduler_node/install/scheduler_node/lib/scheduler_node/dummytasknoderr" to ""
-- Installing: /home/saleh/Desktop/OSProject/scheduler_node/install/scheduler_node/lib/scheduler_node/dummytasknodefcfs
-- Set non-toolchain portion of runtime path of "/home/saleh/Desktop/OSProject/scheduler_node/install/scheduler_node/lib/scheduler_node/dummytasknodefcfs" to ""
-- Installing: /home/saleh/Desktop/OSProject/scheduler_node/install/scheduler_node/lib/scheduler_node/fcfsscheduler
-- Set non-toolchain portion of runtime path of "/home/saleh/Desktop/OSProject/scheduler_node/install/scheduler_node/lib/scheduler_node/fcfsscheduler" to ""
-- Installing: /home/saleh/Desktop/OSProject/scheduler_node/install/scheduler_node/lib/scheduler_node/priorityscheduler
-- Set non-toolchain portion of runtime path of "/home/saleh/Desktop/OSProject/scheduler_node/install/scheduler_node/lib/scheduler_node/priorityscheduler" to ""
-- Installing: /home/saleh/Desktop/OSProject/scheduler_node/install/scheduler_node/lib/scheduler_node/dummytasknodepriority
-- Set non-toolchain portion of runtime path of "/home/saleh/Desktop/OSProject/scheduler_node/install/scheduler_node/lib/scheduler_node/dummytasknodepriority" to ""
-- Up-to-date: /home/saleh/Desktop/OSProject/scheduler_node/install/scheduler_node/share/ament_index/resource_index/package_run_dependencies/scheduler_node
-- Installing: /home/saleh/Desktop/OSProject/scheduler_node/install/scheduler_node/share/ament_index/resource_index/parent_prefix_path/scheduler_node
-- Installing: /home/saleh/Desktop/OSProject/scheduler_node/install/scheduler_node/share/scheduler_node/environment/ament_prefix_path.sh
-- Up-to-date: /home/saleh/Desktop/OSProject/scheduler_node/install/scheduler_node/share/scheduler_node/environment/ament_prefix_path.dsv
-- Installing: /home/saleh/Desktop/OSProject/scheduler_node/install/scheduler_node/share/scheduler_node/environment/path.sh
-- Up-to-date: /home/saleh/Desktop/OSProject/scheduler_node/install/scheduler_node/share/scheduler_node/environment/path.dsv
-- Up-to-date: /home/saleh/Desktop/OSProject/scheduler_node/install/scheduler_node/share/scheduler_node/local_setup.bash
-- Up-to-date: /home/saleh/Desktop/OSProject/scheduler_node/install/scheduler_node/share/scheduler_node/local_setup.sh
-- Up-to-date: /home/saleh/Desktop/OSProject/scheduler_node/install/scheduler_node/share/scheduler_node/local_setup.zsh
-- Up-to-date: /home/saleh/Desktop/OSProject/scheduler_node/install/scheduler_node/share/scheduler_node/local_setup.dsv
-- Up-to-date: /home/saleh/Desktop/OSProject/scheduler_node/install/scheduler_node/share/scheduler_node/package.dsv
-- Up-to-date: /home/saleh/Desktop/OSProject/scheduler_node/install/scheduler_node/share/ament_index/resource_index/packages/scheduler_node
-- Up-to-date: /home/saleh/Desktop/OSProject/scheduler_node/install/scheduler_node/share/scheduler_node/cmake/scheduler_nodeConfig.cmake
-- Up-to-date: /home/saleh/Desktop/OSProject/scheduler_node/install/scheduler_node/share/scheduler_node/cmake/scheduler_nodeConfig-version.cmake
-- Up-to-date: /home/saleh/Desktop/OSProject/scheduler_node/install/scheduler_node/share/scheduler_node/package.xml
