[0.043s] Invoking command in '/home/saleh/Desktop/OSProject/scheduler_node/build/scheduler_node': CMAKE_PREFIX_PATH=${CMAKE_PREFIX_PATH}:/opt/ros/jazzy DEBUGINFOD_URLS=https://debuginfod.ubuntu.com /usr/bin/cmake --build /home/saleh/Desktop/OSProject/scheduler_node/build/scheduler_node -- -j8 -l8
[0.122s] [ 16%] Built target dummytasknoderr
[0.122s] [ 33%] Built target roundrobintaskscheduler
[0.122s] [ 41%] [32mBuilding CXX object CMakeFiles/priorityscheduler.dir/src/priorityscheduler.cpp.o[0m
[0.123s] [ 58%] Built target dummytasknodefcfs
[0.124s] [ 66%] [32mBuilding CXX object CMakeFiles/dummytasknodepriority.dir/src/dummytasknodepriority.cpp.o[0m
[0.150s] [ 83%] Built target fcfsscheduler
[11.749s] [ 91%] [32m[1mLinking CXX executable dummytasknodepriority[0m
[12.056s] [100%] [32m[1mLinking CXX executable priorityscheduler[0m
[12.283s] [100%] Built target dummytasknodepriority
[12.547s] [100%] Built target priorityscheduler
[12.572s] Invoked command in '/home/saleh/Desktop/OSProject/scheduler_node/build/scheduler_node' returned '0': CMAKE_PREFIX_PATH=${CMAKE_PREFIX_PATH}:/opt/ros/jazzy DEBUGINFOD_URLS=https://debuginfod.ubuntu.com /usr/bin/cmake --build /home/saleh/Desktop/OSProject/scheduler_node/build/scheduler_node -- -j8 -l8
[12.585s] Invoking command in '/home/saleh/Desktop/OSProject/scheduler_node/build/scheduler_node': CMAKE_PREFIX_PATH=${CMAKE_PREFIX_PATH}:/opt/ros/jazzy DEBUGINFOD_URLS=https://debuginfod.ubuntu.com /usr/bin/cmake --install /home/saleh/Desktop/OSProject/scheduler_node/build/scheduler_node
[12.596s] -- Install configuration: ""
[12.596s] -- Up-to-date: /home/saleh/Desktop/OSProject/scheduler_node/install/scheduler_node/lib/scheduler_node/roundrobintaskscheduler
[12.597s] -- Up-to-date: /home/saleh/Desktop/OSProject/scheduler_node/install/scheduler_node/lib/scheduler_node/dummytasknoderr
[12.598s] -- Up-to-date: /home/saleh/Desktop/OSProject/scheduler_node/install/scheduler_node/lib/scheduler_node/dummytasknodefcfs
[12.598s] -- Up-to-date: /home/saleh/Desktop/OSProject/scheduler_node/install/scheduler_node/lib/scheduler_node/fcfsscheduler
[12.600s] -- Installing: /home/saleh/Desktop/OSProject/scheduler_node/install/scheduler_node/lib/scheduler_node/priorityscheduler
[12.607s] -- Set non-toolchain portion of runtime path of "/home/saleh/Desktop/OSProject/scheduler_node/install/scheduler_node/lib/scheduler_node/priorityscheduler" to ""
[12.608s] -- Installing: /home/saleh/Desktop/OSProject/scheduler_node/install/scheduler_node/lib/scheduler_node/dummytasknodepriority
[12.615s] -- Set non-toolchain portion of runtime path of "/home/saleh/Desktop/OSProject/scheduler_node/install/scheduler_node/lib/scheduler_node/dummytasknodepriority" to ""
[12.615s] -- Up-to-date: /home/saleh/Desktop/OSProject/scheduler_node/install/scheduler_node/share/ament_index/resource_index/package_run_dependencies/scheduler_node
[12.615s] -- Up-to-date: /home/saleh/Desktop/OSProject/scheduler_node/install/scheduler_node/share/ament_index/resource_index/parent_prefix_path/scheduler_node
[12.616s] -- Up-to-date: /home/saleh/Desktop/OSProject/scheduler_node/install/scheduler_node/share/scheduler_node/environment/ament_prefix_path.sh
[12.616s] -- Up-to-date: /home/saleh/Desktop/OSProject/scheduler_node/install/scheduler_node/share/scheduler_node/environment/ament_prefix_path.dsv
[12.616s] -- Up-to-date: /home/saleh/Desktop/OSProject/scheduler_node/install/scheduler_node/share/scheduler_node/environment/path.sh
[12.616s] -- Up-to-date: /home/saleh/Desktop/OSProject/scheduler_node/install/scheduler_node/share/scheduler_node/environment/path.dsv
[12.616s] -- Up-to-date: /home/saleh/Desktop/OSProject/scheduler_node/install/scheduler_node/share/scheduler_node/local_setup.bash
[12.617s] -- Up-to-date: /home/saleh/Desktop/OSProject/scheduler_node/install/scheduler_node/share/scheduler_node/local_setup.sh
[12.617s] -- Up-to-date: /home/saleh/Desktop/OSProject/scheduler_node/install/scheduler_node/share/scheduler_node/local_setup.zsh
[12.617s] -- Up-to-date: /home/saleh/Desktop/OSProject/scheduler_node/install/scheduler_node/share/scheduler_node/local_setup.dsv
[12.617s] -- Installing: /home/saleh/Desktop/OSProject/scheduler_node/install/scheduler_node/share/scheduler_node/package.dsv
[12.617s] -- Up-to-date: /home/saleh/Desktop/OSProject/scheduler_node/install/scheduler_node/share/ament_index/resource_index/packages/scheduler_node
[12.618s] -- Up-to-date: /home/saleh/Desktop/OSProject/scheduler_node/install/scheduler_node/share/scheduler_node/cmake/scheduler_nodeConfig.cmake
[12.618s] -- Up-to-date: /home/saleh/Desktop/OSProject/scheduler_node/install/scheduler_node/share/scheduler_node/cmake/scheduler_nodeConfig-version.cmake
[12.619s] -- Up-to-date: /home/saleh/Desktop/OSProject/scheduler_node/install/scheduler_node/share/scheduler_node/package.xml
[12.619s] Invoked command in '/home/saleh/Desktop/OSProject/scheduler_node/build/scheduler_node' returned '0': CMAKE_PREFIX_PATH=${CMAKE_PREFIX_PATH}:/opt/ros/jazzy DEBUGINFOD_URLS=https://debuginfod.ubuntu.com /usr/bin/cmake --install /home/saleh/Desktop/OSProject/scheduler_node/build/scheduler_node
