[0.028s] Invoking command in '/home/saleh/Desktop/OSProject/scheduler_node/build/scheduler_node': CMAKE_PREFIX_PATH=${CMAKE_PREFIX_PATH}:/opt/ros/jazzy DEBUGINFOD_URLS=https://debuginfod.ubuntu.com /usr/bin/cmake /home/saleh/Desktop/OSProject/scheduler_node -DCMAKE_INSTALL_PREFIX=/home/saleh/Desktop/OSProject/scheduler_node/install/scheduler_node
[0.228s] -- The C compiler identification is GNU 13.3.0
[0.348s] -- The CXX compiler identification is GNU 13.3.0
[0.379s] -- Detecting C compiler ABI info
[0.485s] -- Detecting C compiler ABI info - done
[0.491s] -- Check for working C compiler: /usr/bin/cc - skipped
[0.492s] -- Detecting C compile features
[0.493s] -- Detecting C compile features - done
[0.511s] -- Detecting CXX compiler ABI info
[0.612s] -- Detecting CXX compiler ABI info - done
[0.618s] -- Check for working CXX compiler: /usr/bin/c++ - skipped
[0.619s] -- Detecting CXX compile features
[0.619s] -- Detecting CXX compile features - done
[0.645s] -- Found ament_cmake: 2.5.4 (/opt/ros/jazzy/share/ament_cmake/cmake)
[0.775s] -- Found Python3: /usr/bin/python3 (found version "3.12.3") found components: Interpreter 
[0.915s] -- Found rclcpp: 28.1.9 (/opt/ros/jazzy/share/rclcpp/cmake)
[0.986s] -- Found rosidl_generator_c: 4.6.5 (/opt/ros/jazzy/share/rosidl_generator_c/cmake)
[1.004s] -- Found rosidl_generator_cpp: 4.6.5 (/opt/ros/jazzy/share/rosidl_generator_cpp/cmake)
[1.038s] -- Using all available rosidl_typesupport_c: rosidl_typesupport_fastrtps_c;rosidl_typesupport_introspection_c
[1.068s] -- Using all available rosidl_typesupport_cpp: rosidl_typesupport_fastrtps_cpp;rosidl_typesupport_introspection_cpp
[1.186s] -- Found rmw_implementation_cmake: 7.3.2 (/opt/ros/jazzy/share/rmw_implementation_cmake/cmake)
[1.192s] -- Found rmw_fastrtps_cpp: 8.4.2 (/opt/ros/jazzy/share/rmw_fastrtps_cpp/cmake)
[1.312s] -- Found OpenSSL: /usr/lib/x86_64-linux-gnu/libcrypto.so (found version "3.0.13")  
[1.332s] -- Found FastRTPS: /opt/ros/jazzy/include (Required is at least version "2.13") 
[1.356s] -- Using RMW implementation 'rmw_fastrtps_cpp' as default
[1.457s] -- Found std_msgs: 5.3.6 (/opt/ros/jazzy/share/std_msgs/cmake)
[1.557s] -- Configuring done (1.5s)
[1.585s] -- Generating done (0.0s)
[1.585s] -- Build files have been written to: /home/saleh/Desktop/OSProject/scheduler_node/build/scheduler_node
[1.589s] Invoked command in '/home/saleh/Desktop/OSProject/scheduler_node/build/scheduler_node' returned '0': CMAKE_PREFIX_PATH=${CMAKE_PREFIX_PATH}:/opt/ros/jazzy DEBUGINFOD_URLS=https://debuginfod.ubuntu.com /usr/bin/cmake /home/saleh/Desktop/OSProject/scheduler_node -DCMAKE_INSTALL_PREFIX=/home/saleh/Desktop/OSProject/scheduler_node/install/scheduler_node
[1.590s] Invoking command in '/home/saleh/Desktop/OSProject/scheduler_node/build/scheduler_node': CMAKE_PREFIX_PATH=${CMAKE_PREFIX_PATH}:/opt/ros/jazzy DEBUGINFOD_URLS=https://debuginfod.ubuntu.com /usr/bin/cmake --build /home/saleh/Desktop/OSProject/scheduler_node/build/scheduler_node -- -j6 -l6
[1.652s] [  8%] [32mBuilding CXX object CMakeFiles/roundrobintaskscheduler.dir/src/roundrobintaskscheduler.cpp.o[0m
[1.652s] [ 16%] [32mBuilding CXX object CMakeFiles/dummytasknodefcfs.dir/src/dummytasknodefcfs.cpp.o[0m
[1.652s] [ 25%] [32mBuilding CXX object CMakeFiles/dummytasknoderr.dir/src/dummytasknoderr.cpp.o[0m
[1.655s] [ 33%] [32mBuilding CXX object CMakeFiles/fcfsscheduler.dir/src/fcfsscheduler.cpp.o[0m
[1.656s] [ 41%] [32mBuilding CXX object CMakeFiles/priorityscheduler.dir/src/priorityscheduler.cpp.o[0m
[1.657s] [ 50%] [32mBuilding CXX object CMakeFiles/dummytasknodepriority.dir/src/dummytasknodepriority.cpp.o[0m
[10.168s] [ 66%] [32m[1mLinking CXX executable roundrobintaskscheduler[0m
[10.178s] [ 66%] [32m[1mLinking CXX executable dummytasknodepriority[0m
[10.179s] [ 75%] [32m[1mLinking CXX executable dummytasknoderr[0m
[10.367s] [ 83%] [32m[1mLinking CXX executable fcfsscheduler[0m
[10.661s] [ 83%] Built target roundrobintaskscheduler
[10.667s] [ 83%] Built target dummytasknoderr
[10.671s] [ 83%] Built target dummytasknodepriority
[10.675s] [ 83%] Built target fcfsscheduler
[10.704s] [ 91%] [32m[1mLinking CXX executable dummytasknodefcfs[0m
[10.774s] [100%] [32m[1mLinking CXX executable priorityscheduler[0m
[10.942s] [100%] Built target dummytasknodefcfs
[10.996s] [100%] Built target priorityscheduler
[11.022s] Invoked command in '/home/saleh/Desktop/OSProject/scheduler_node/build/scheduler_node' returned '0': CMAKE_PREFIX_PATH=${CMAKE_PREFIX_PATH}:/opt/ros/jazzy DEBUGINFOD_URLS=https://debuginfod.ubuntu.com /usr/bin/cmake --build /home/saleh/Desktop/OSProject/scheduler_node/build/scheduler_node -- -j6 -l6
[11.034s] Invoking command in '/home/saleh/Desktop/OSProject/scheduler_node/build/scheduler_node': CMAKE_PREFIX_PATH=${CMAKE_PREFIX_PATH}:/opt/ros/jazzy DEBUGINFOD_URLS=https://debuginfod.ubuntu.com /usr/bin/cmake --install /home/saleh/Desktop/OSProject/scheduler_node/build/scheduler_node
[11.044s] -- Install configuration: ""
[11.046s] -- Installing: /home/saleh/Desktop/OSProject/scheduler_node/install/scheduler_node/lib/scheduler_node/roundrobintaskscheduler
[11.049s] -- Set non-toolchain portion of runtime path of "/home/saleh/Desktop/OSProject/scheduler_node/install/scheduler_node/lib/scheduler_node/roundrobintaskscheduler" to ""
[11.049s] -- Installing: /home/saleh/Desktop/OSProject/scheduler_node/install/scheduler_node/lib/scheduler_node/dummytasknoderr
[11.059s] -- Set non-toolchain portion of runtime path of "/home/saleh/Desktop/OSProject/scheduler_node/install/scheduler_node/lib/scheduler_node/dummytasknoderr" to ""
[11.060s] -- Installing: /home/saleh/Desktop/OSProject/scheduler_node/install/scheduler_node/lib/scheduler_node/dummytasknodefcfs
[11.060s] -- Set non-toolchain portion of runtime path of "/home/saleh/Desktop/OSProject/scheduler_node/install/scheduler_node/lib/scheduler_node/dummytasknodefcfs" to ""
[11.060s] -- Installing: /home/saleh/Desktop/OSProject/scheduler_node/install/scheduler_node/lib/scheduler_node/fcfsscheduler
[11.060s] -- Set non-toolchain portion of runtime path of "/home/saleh/Desktop/OSProject/scheduler_node/install/scheduler_node/lib/scheduler_node/fcfsscheduler" to ""
[11.060s] -- Installing: /home/saleh/Desktop/OSProject/scheduler_node/install/scheduler_node/lib/scheduler_node/priorityscheduler
[11.060s] -- Set non-toolchain portion of runtime path of "/home/saleh/Desktop/OSProject/scheduler_node/install/scheduler_node/lib/scheduler_node/priorityscheduler" to ""
[11.060s] -- Installing: /home/saleh/Desktop/OSProject/scheduler_node/install/scheduler_node/lib/scheduler_node/dummytasknodepriority
[11.061s] -- Set non-toolchain portion of runtime path of "/home/saleh/Desktop/OSProject/scheduler_node/install/scheduler_node/lib/scheduler_node/dummytasknodepriority" to ""
[11.061s] -- Installing: /home/saleh/Desktop/OSProject/scheduler_node/install/scheduler_node/share/ament_index/resource_index/package_run_dependencies/scheduler_node
[11.062s] -- Installing: /home/saleh/Desktop/OSProject/scheduler_node/install/scheduler_node/share/ament_index/resource_index/parent_prefix_path/scheduler_node
[11.064s] -- Installing: /home/saleh/Desktop/OSProject/scheduler_node/install/scheduler_node/share/scheduler_node/environment/ament_prefix_path.sh
[11.064s] -- Installing: /home/saleh/Desktop/OSProject/scheduler_node/install/scheduler_node/share/scheduler_node/environment/ament_prefix_path.dsv
[11.065s] -- Installing: /home/saleh/Desktop/OSProject/scheduler_node/install/scheduler_node/share/scheduler_node/environment/path.sh
[11.066s] -- Installing: /home/saleh/Desktop/OSProject/scheduler_node/install/scheduler_node/share/scheduler_node/environment/path.dsv
[11.066s] -- Installing: /home/saleh/Desktop/OSProject/scheduler_node/install/scheduler_node/share/scheduler_node/local_setup.bash
[11.066s] -- Installing: /home/saleh/Desktop/OSProject/scheduler_node/install/scheduler_node/share/scheduler_node/local_setup.sh
[11.067s] -- Installing: /home/saleh/Desktop/OSProject/scheduler_node/install/scheduler_node/share/scheduler_node/local_setup.zsh
[11.067s] -- Installing: /home/saleh/Desktop/OSProject/scheduler_node/install/scheduler_node/share/scheduler_node/local_setup.dsv
[11.068s] -- Installing: /home/saleh/Desktop/OSProject/scheduler_node/install/scheduler_node/share/scheduler_node/package.dsv
[11.069s] -- Installing: /home/saleh/Desktop/OSProject/scheduler_node/install/scheduler_node/share/ament_index/resource_index/packages/scheduler_node
[11.069s] -- Installing: /home/saleh/Desktop/OSProject/scheduler_node/install/scheduler_node/share/scheduler_node/cmake/scheduler_nodeConfig.cmake
[11.069s] -- Installing: /home/saleh/Desktop/OSProject/scheduler_node/install/scheduler_node/share/scheduler_node/cmake/scheduler_nodeConfig-version.cmake
[11.070s] -- Installing: /home/saleh/Desktop/OSProject/scheduler_node/install/scheduler_node/share/scheduler_node/package.xml
[11.073s] Invoked command in '/home/saleh/Desktop/OSProject/scheduler_node/build/scheduler_node' returned '0': CMAKE_PREFIX_PATH=${CMAKE_PREFIX_PATH}:/opt/ros/jazzy DEBUGINFOD_URLS=https://debuginfod.ubuntu.com /usr/bin/cmake --install /home/saleh/Desktop/OSProject/scheduler_node/build/scheduler_node
